<?xml version="1.0" encoding="UTF-8"?>
<testsuite xmlns:xsi="http://www.w3.org/2001/XMLSchema-instance" xsi:noNamespaceSchemaLocation="https://maven.apache.org/surefire/maven-surefire-plugin/xsd/surefire-test-report-3.0.xsd" version="3.0" name="challenge.duxsoftware.tennismatch.TennisMatchTest" time="0.594" tests="1" errors="0" skipped="0" failures="0">
  <properties>
    <property name="java.specification.version" value="17"/>
    <property name="sun.cpu.isalist" value="amd64"/>
    <property name="sun.jnu.encoding" value="Cp1252"/>
    <property name="java.class.path" value="C:\Users\julia\.m2\repository\org\apache\maven\surefire\surefire-booter\3.0.0\surefire-booter-3.0.0.jar;C:\Users\julia\.m2\repository\org\apache\maven\surefire\surefire-api\3.0.0\surefire-api-3.0.0.jar;C:\Users\julia\.m2\repository\org\apache\maven\surefire\surefire-extensions-spi\3.0.0\surefire-extensions-spi-3.0.0.jar;C:\Users\julia\.m2\repository\org\apache\maven\surefire\surefire-logger-api\3.0.0\surefire-logger-api-3.0.0.jar;C:\Users\julia\.m2\repository\org\apache\maven\surefire\surefire-shared-utils\3.0.0\surefire-shared-utils-3.0.0.jar;C:\Users\julia\OneDrive\Documentos\NetBeansProjects\tennismatch\target\test-classes;C:\Users\julia\OneDrive\Documentos\NetBeansProjects\tennismatch\target\classes;C:\Users\julia\.m2\repository\junit\junit\4.13.2\junit-4.13.2.jar;C:\Users\julia\.m2\repository\org\hamcrest\hamcrest-core\1.3\hamcrest-core-1.3.jar;C:\Users\julia\.m2\repository\org\apache\maven\surefire\surefire-junit4\3.0.0\surefire-junit4-3.0.0.jar;C:\Users\julia\.m2\repository\org\apache\maven\surefire\common-java5\3.0.0\common-java5-3.0.0.jar;C:\Users\julia\.m2\repository\org\apache\maven\surefire\common-junit3\3.0.0\common-junit3-3.0.0.jar;C:\Users\julia\.m2\repository\org\apache\maven\surefire\common-junit4\3.0.0\common-junit4-3.0.0.jar"/>
    <property name="java.vm.vendor" value="Oracle Corporation"/>
    <property name="sun.arch.data.model" value="64"/>
    <property name="user.variant" value=""/>
    <property name="java.vendor.url" value="https://java.oracle.com/"/>
    <property name="user.timezone" value="America/Buenos_Aires"/>
    <property name="os.name" value="Windows 11"/>
    <property name="java.vm.specification.version" value="17"/>
    <property name="user.country" value="ES"/>
    <property name="sun.java.launcher" value="SUN_STANDARD"/>
    <property name="sun.boot.library.path" value="C:\Program Files\Java\jdk-17\bin"/>
    <property name="sun.java.command" value="org.apache.maven.surefire.booter.ForkedBooter C:\Users\julia\AppData\Local\Temp\surefire11552767642726617600 2023-07-30T14-19-05_230-jvmRun1 surefire-20230730141905360_1tmp surefire_0-20230730141905360_2tmp"/>
    <property name="jdk.debug" value="release"/>
    <property name="test" value="challenge.duxsoftware.tennismatch.TennisMatchTest"/>
    <property name="surefire.test.class.path" value="C:\Users\julia\OneDrive\Documentos\NetBeansProjects\tennismatch\target\test-classes;C:\Users\julia\OneDrive\Documentos\NetBeansProjects\tennismatch\target\classes;C:\Users\julia\.m2\repository\junit\junit\4.13.2\junit-4.13.2.jar;C:\Users\julia\.m2\repository\org\hamcrest\hamcrest-core\1.3\hamcrest-core-1.3.jar;"/>
    <property name="sun.cpu.endian" value="little"/>
    <property name="user.home" value="C:\Users\julia"/>
    <property name="user.language" value="es"/>
    <property name="java.specification.vendor" value="Oracle Corporation"/>
    <property name="java.version.date" value="2023-04-18"/>
    <property name="java.home" value="C:\Program Files\Java\jdk-17"/>
    <property name="file.separator" value="\"/>
    <property name="basedir" value="C:\Users\julia\OneDrive\Documentos\NetBeansProjects\tennismatch"/>
    <property name="java.vm.compressedOopsMode" value="Zero based"/>
    <property name="line.separator" value="&#10;"/>
    <property name="java.vm.specification.vendor" value="Oracle Corporation"/>
    <property name="java.specification.name" value="Java Platform API Specification"/>
    <property name="user.script" value=""/>
    <property name="sun.management.compiler" value="HotSpot 64-Bit Tiered Compilers"/>
    <property name="java.runtime.version" value="17.0.7+8-LTS-224"/>
    <property name="user.name" value="julia"/>
    <property name="path.separator" value=";"/>
    <property name="os.version" value="10.0"/>
    <property name="java.runtime.name" value="Java(TM) SE Runtime Environment"/>
    <property name="file.encoding" value="UTF-8"/>
    <property name="java.vm.name" value="Java HotSpot(TM) 64-Bit Server VM"/>
    <property name="maven.ext.class.path" value="C:\Program Files\NetBeans-18\netbeans\java\maven-nblib\netbeans-eventspy.jar"/>
    <property name="localRepository" value="C:\Users\julia\.m2\repository"/>
    <property name="java.vendor.url.bug" value="https://bugreport.java.com/bugreport/"/>
    <property name="java.io.tmpdir" value="C:\Users\julia\AppData\Local\Temp\"/>
    <property name="java.version" value="17.0.7"/>
    <property name="user.dir" value="C:\Users\julia\OneDrive\Documentos\NetBeansProjects\tennismatch"/>
    <property name="os.arch" value="amd64"/>
    <property name="java.vm.specification.name" value="Java Virtual Machine Specification"/>
    <property name="sun.os.patch.level" value=""/>
    <property name="native.encoding" value="Cp1252"/>
    <property name="java.library.path" value="C:\Program Files\Java\jdk-17\bin;C:\Windows\Sun\Java\bin;C:\Windows\system32;C:\Windows;C:\Windows\system32;C:\Windows;C:\Windows\System32\Wbem;C:\Windows\System32\WindowsPowerShell\v1.0\;C:\Windows\System32\OpenSSH\;C:\Program Files\Git\cmd;C:\Program Files\nodejs\;C:\Program Files (x86)\Microsoft SQL Server\160\DTS\Binn\;C:\Program Files\Azure Data Studio\bin;%JAVA_HOME%\bin;C:\Users\julia\AppData\Local\Programs\Python\Python311\Scripts\;C:\Users\julia\AppData\Local\Programs\Python\Python311\;C:\Users\julia\AppData\Local\Microsoft\WindowsApps;C:\Users\julia\AppData\Local\Programs\Microsoft VS Code\bin;C:\Users\julia\AppData\Roaming\npm;C:\Archivos de programa\nodejs;;C:\Program Files\Azure Data Studio\bin;."/>
    <property name="java.vm.info" value="mixed mode, sharing"/>
    <property name="java.vendor" value="Oracle Corporation"/>
    <property name="java.vm.version" value="17.0.7+8-LTS-224"/>
    <property name="sun.io.unicode.encoding" value="UnicodeLittle"/>
    <property name="java.class.version" value="61.0"/>
  </properties>
  <testcase name="testPlayMatch" classname="challenge.duxsoftware.tennismatch.TennisMatchTest" time="0.543">
    <system-out><![CDATA[Ingrese el nombre del torneo: Ingrese nombre del primer jugador: Ingrese nombre del segundo jugador: Ingrese la probabilidad de ganar el partido para Nombre del jugador 1 (entre 1 y 100). La probabilidad de Nombre del jugador 2 se calculará automáticamente: ¿Al mejor de cuántos sets se va a jugar? Las opciones disponibles son 3 o 5: Listo, todo configurado. ¡Que comience el torneo Nombre del torneo!
comienzo partido Saca Nombre del jugador 1
Nombre del jugador 1 gana el punto
Resultado parcial game: Nombre del jugador 1  Nombre del jugador 2
15  0
Nombre del jugador 1 gana el punto
Resultado parcial game: Nombre del jugador 1  Nombre del jugador 2
30  0
Nombre del jugador 1 gana el punto
Resultado parcial game: Nombre del jugador 1  Nombre del jugador 2
40  0
Nombre del jugador 1 gana el punto
Nombre del jugador 1 gana el game.
Resultado parcial set: Nombre del jugador 1  Nombre del jugador 2
1  0
Saca Nombre del jugador 2
Nombre del jugador 1 gana el punto
Resultado parcial game: Nombre del jugador 1  Nombre del jugador 2
15  0
Nombre del jugador 1 gana el punto
Resultado parcial game: Nombre del jugador 1  Nombre del jugador 2
30  0
Nombre del jugador 1 gana el punto
Resultado parcial game: Nombre del jugador 1  Nombre del jugador 2
40  0
Nombre del jugador 1 gana el punto
Nombre del jugador 1 gana el game.
Resultado parcial set: Nombre del jugador 1  Nombre del jugador 2
2  0
Saca Nombre del jugador 1
Nombre del jugador 1 gana el punto
Resultado parcial game: Nombre del jugador 1  Nombre del jugador 2
15  0
Nombre del jugador 1 gana el punto
Resultado parcial game: Nombre del jugador 1  Nombre del jugador 2
30  0
Nombre del jugador 1 gana el punto
Resultado parcial game: Nombre del jugador 1  Nombre del jugador 2
40  0
Nombre del jugador 1 gana el punto
Nombre del jugador 1 gana el game.
Resultado parcial set: Nombre del jugador 1  Nombre del jugador 2
3  0
Saca Nombre del jugador 2
Nombre del jugador 1 gana el punto
Resultado parcial game: Nombre del jugador 1  Nombre del jugador 2
15  0
Nombre del jugador 1 gana el punto
Resultado parcial game: Nombre del jugador 1  Nombre del jugador 2
30  0
Nombre del jugador 1 gana el punto
Resultado parcial game: Nombre del jugador 1  Nombre del jugador 2
40  0
Nombre del jugador 1 gana el punto
Nombre del jugador 1 gana el game.
Resultado parcial set: Nombre del jugador 1  Nombre del jugador 2
4  0
Saca Nombre del jugador 1
Nombre del jugador 2 gana el punto
Resultado parcial game: Nombre del jugador 1  Nombre del jugador 2
0  15
Nombre del jugador 1 gana el punto
Resultado parcial game: Nombre del jugador 1  Nombre del jugador 2
15  15
Nombre del jugador 1 gana el punto
Resultado parcial game: Nombre del jugador 1  Nombre del jugador 2
30  15
Nombre del jugador 1 gana el punto
Resultado parcial game: Nombre del jugador 1  Nombre del jugador 2
40  15
Nombre del jugador 1 gana el punto
Nombre del jugador 1 gana el game.
Resultado parcial set: Nombre del jugador 1  Nombre del jugador 2
5  0
Saca Nombre del jugador 2
Nombre del jugador 1 gana el punto
Resultado parcial game: Nombre del jugador 1  Nombre del jugador 2
15  0
Nombre del jugador 1 gana el punto
Resultado parcial game: Nombre del jugador 1  Nombre del jugador 2
30  0
Nombre del jugador 1 gana el punto
Resultado parcial game: Nombre del jugador 1  Nombre del jugador 2
40  0
Nombre del jugador 1 gana el punto
Nombre del jugador 1 gana el game.
Nombre del jugador 1 gana el set.
Resultado parcial partido: Nombre del jugador 1  Nombre del jugador 2
1  0
set terminado Saca Nombre del jugador 2
Nombre del jugador 1 gana el punto
Resultado parcial game: Nombre del jugador 1  Nombre del jugador 2
15  0
Nombre del jugador 1 gana el punto
Resultado parcial game: Nombre del jugador 1  Nombre del jugador 2
30  0
Nombre del jugador 1 gana el punto
Resultado parcial game: Nombre del jugador 1  Nombre del jugador 2
40  0
Nombre del jugador 1 gana el punto
Nombre del jugador 1 gana el game.
Resultado parcial set: Nombre del jugador 1  Nombre del jugador 2
1  0
Saca Nombre del jugador 1
Nombre del jugador 1 gana el punto
Resultado parcial game: Nombre del jugador 1  Nombre del jugador 2
15  0
Nombre del jugador 1 gana el punto
Resultado parcial game: Nombre del jugador 1  Nombre del jugador 2
30  0
Nombre del jugador 1 gana el punto
Resultado parcial game: Nombre del jugador 1  Nombre del jugador 2
40  0
Nombre del jugador 1 gana el punto
Nombre del jugador 1 gana el game.
Resultado parcial set: Nombre del jugador 1  Nombre del jugador 2
2  0
Saca Nombre del jugador 2
Nombre del jugador 1 gana el punto
Resultado parcial game: Nombre del jugador 1  Nombre del jugador 2
15  0
Nombre del jugador 1 gana el punto
Resultado parcial game: Nombre del jugador 1  Nombre del jugador 2
30  0
Nombre del jugador 1 gana el punto
Resultado parcial game: Nombre del jugador 1  Nombre del jugador 2
40  0
Nombre del jugador 1 gana el punto
Nombre del jugador 1 gana el game.
Resultado parcial set: Nombre del jugador 1  Nombre del jugador 2
3  0
Saca Nombre del jugador 1
Nombre del jugador 1 gana el punto
Resultado parcial game: Nombre del jugador 1  Nombre del jugador 2
15  0
Nombre del jugador 1 gana el punto
Resultado parcial game: Nombre del jugador 1  Nombre del jugador 2
30  0
Nombre del jugador 1 gana el punto
Resultado parcial game: Nombre del jugador 1  Nombre del jugador 2
40  0
Nombre del jugador 1 gana el punto
Nombre del jugador 1 gana el game.
Resultado parcial set: Nombre del jugador 1  Nombre del jugador 2
4  0
Saca Nombre del jugador 2
Nombre del jugador 1 gana el punto
Resultado parcial game: Nombre del jugador 1  Nombre del jugador 2
15  0
Nombre del jugador 1 gana el punto
Resultado parcial game: Nombre del jugador 1  Nombre del jugador 2
30  0
Nombre del jugador 1 gana el punto
Resultado parcial game: Nombre del jugador 1  Nombre del jugador 2
40  0
Nombre del jugador 1 gana el punto
Nombre del jugador 1 gana el game.
Resultado parcial set: Nombre del jugador 1  Nombre del jugador 2
5  0
Saca Nombre del jugador 1
Nombre del jugador 1 gana el punto
Resultado parcial game: Nombre del jugador 1  Nombre del jugador 2
15  0
Nombre del jugador 1 gana el punto
Resultado parcial game: Nombre del jugador 1  Nombre del jugador 2
30  0
Nombre del jugador 1 gana el punto
Resultado parcial game: Nombre del jugador 1  Nombre del jugador 2
40  0
Nombre del jugador 1 gana el punto
Nombre del jugador 1 gana el game.
Nombre del jugador 1 gana el set.
Resultado parcial partido: Nombre del jugador 1  Nombre del jugador 2
2  0
set terminado Saca Nombre del jugador 1
Nombre del jugador 1 gana el punto
Resultado parcial game: Nombre del jugador 1  Nombre del jugador 2
15  0
Nombre del jugador 1 gana el punto
Resultado parcial game: Nombre del jugador 1  Nombre del jugador 2
30  0
Nombre del jugador 1 gana el punto
Resultado parcial game: Nombre del jugador 1  Nombre del jugador 2
40  0
Nombre del jugador 1 gana el punto
Nombre del jugador 1 gana el game.
Resultado parcial set: Nombre del jugador 1  Nombre del jugador 2
1  0
Saca Nombre del jugador 2
Nombre del jugador 1 gana el punto
Resultado parcial game: Nombre del jugador 1  Nombre del jugador 2
15  0
Nombre del jugador 1 gana el punto
Resultado parcial game: Nombre del jugador 1  Nombre del jugador 2
30  0
Nombre del jugador 1 gana el punto
Resultado parcial game: Nombre del jugador 1  Nombre del jugador 2
40  0
Nombre del jugador 1 gana el punto
Nombre del jugador 1 gana el game.
Resultado parcial set: Nombre del jugador 1  Nombre del jugador 2
2  0
Saca Nombre del jugador 1
Nombre del jugador 1 gana el punto
Resultado parcial game: Nombre del jugador 1  Nombre del jugador 2
15  0
Nombre del jugador 1 gana el punto
Resultado parcial game: Nombre del jugador 1  Nombre del jugador 2
30  0
Nombre del jugador 1 gana el punto
Resultado parcial game: Nombre del jugador 1  Nombre del jugador 2
40  0
Nombre del jugador 1 gana el punto
Nombre del jugador 1 gana el game.
Resultado parcial set: Nombre del jugador 1  Nombre del jugador 2
3  0
Saca Nombre del jugador 2
Nombre del jugador 1 gana el punto
Resultado parcial game: Nombre del jugador 1  Nombre del jugador 2
15  0
Nombre del jugador 1 gana el punto
Resultado parcial game: Nombre del jugador 1  Nombre del jugador 2
30  0
Nombre del jugador 1 gana el punto
Resultado parcial game: Nombre del jugador 1  Nombre del jugador 2
40  0
Nombre del jugador 1 gana el punto
Nombre del jugador 1 gana el game.
Resultado parcial set: Nombre del jugador 1  Nombre del jugador 2
4  0
Saca Nombre del jugador 1
Nombre del jugador 1 gana el punto
Resultado parcial game: Nombre del jugador 1  Nombre del jugador 2
15  0
Nombre del jugador 1 gana el punto
Resultado parcial game: Nombre del jugador 1  Nombre del jugador 2
30  0
Nombre del jugador 1 gana el punto
Resultado parcial game: Nombre del jugador 1  Nombre del jugador 2
40  0
Nombre del jugador 1 gana el punto
Nombre del jugador 1 gana el game.
Resultado parcial set: Nombre del jugador 1  Nombre del jugador 2
5  0
Saca Nombre del jugador 2
Nombre del jugador 1 gana el punto
Resultado parcial game: Nombre del jugador 1  Nombre del jugador 2
15  0
Nombre del jugador 1 gana el punto
Resultado parcial game: Nombre del jugador 1  Nombre del jugador 2
30  0
Nombre del jugador 1 gana el punto
Resultado parcial game: Nombre del jugador 1  Nombre del jugador 2
40  0
Nombre del jugador 1 gana el punto
Nombre del jugador 1 gana el game.
Nombre del jugador 1 gana el set.
Ganador del partido: Nombre del jugador 1
Nombre del torneo   Finalizado
Nombre del jugador 1      [6, 6, 6]
Nombre del jugador 2      [0, 0, 0]
Si desea volver a jugar con la misma configuración, ingrese 1.
Si en cambio quiere volver a configurar el juego, ingrese 2.
Si desea finalizar el programa, ingrese 0
]]></system-out>
  </testcase>
</testsuite>